[debug] [2023-02-17T15:16:57.258Z] ----------------------------------------------------------------------
[debug] [2023-02-17T15:16:57.260Z] Command:       C:\Program Files\nodejs\node.exe C:\Users\Admin\AppData\Roaming\npm\node_modules\firebase-tools\lib\bin\firebase.js init
[debug] [2023-02-17T15:16:57.261Z] CLI Version:   11.23.1
[debug] [2023-02-17T15:16:57.261Z] Platform:      win32
[debug] [2023-02-17T15:16:57.261Z] Node Version:  v18.12.1
[debug] [2023-02-17T15:16:57.261Z] Time:          Fri Feb 17 2023 18:16:57 GMT+0300 (Москва, стандартное время)
[debug] [2023-02-17T15:16:57.262Z] ----------------------------------------------------------------------
[debug] 
[debug] [2023-02-17T15:16:57.268Z] > command requires scopes: ["email","openid","https://www.googleapis.com/auth/cloudplatformprojects.readonly","https://www.googleapis.com/auth/firebase","https://www.googleapis.com/auth/cloud-platform"]
[debug] [2023-02-17T15:16:57.268Z] > authorizing via signed-in user (mikhailovichmikhailovich@gmail.com)
[info] 
     ######## #### ########  ######## ########     ###     ######  ########
     ##        ##  ##     ## ##       ##     ##  ##   ##  ##       ##
     ######    ##  ########  ######   ########  #########  ######  ######
     ##        ##  ##    ##  ##       ##     ## ##     ##       ## ##
     ##       #### ##     ## ######## ########  ##     ##  ######  ########

You're about to initialize a Firebase project in this directory:

  C:\Обучение\projects\redux\google_books

Before we get started, keep in mind:

  * You are currently outside your home directory

[info] 
=== Project Setup
[info] 
[info] First, let's associate this project directory with a Firebase project.
[info] You can create multiple project aliases by running firebase use --add, 
[info] but for now we'll just set up a default project.
[info] 
[debug] [2023-02-17T15:19:03.268Z] >>> [apiv2][query] GET https://firebase.googleapis.com/v1beta1/projects pageSize=100
[debug] [2023-02-17T15:19:03.817Z] <<< [apiv2][status] GET https://firebase.googleapis.com/v1beta1/projects 200
[debug] [2023-02-17T15:19:03.818Z] <<< [apiv2][body] GET https://firebase.googleapis.com/v1beta1/projects [omitted]
